<?xml version='1.0' encoding='UTF-8'?>
<testsuites>
  <testsuite name="Test Suite" device="iPhone 17 Pro Max - iOS 26.2 - A2FCDB57-C92E-4D6E-AEC5-9322175CF4C7" tests="1" failures="1" time="25.0">
    <testcase id="Student iOS Login Diagnostic v2" name="Student iOS Login Diagnostic v2" classname="Student iOS Login Diagnostic v2" time="25.0" status="ERROR">
      <properties/>
      <failure>Assertion is false: "(Phone Number|Send OTP|Enter your registered phone number)" is visible</failure>
    </testcase>
  </testsuite>
</testsuites>
