<?xml version='1.0' encoding='UTF-8'?>
<testsuites>
  <testsuite name="Test Suite" device="Pixel_7_Pro" tests="1" failures="1" time="120.0">
    <testcase id="Guard Role Smoke Test" name="Guard Role Smoke Test" classname="Guard Role Smoke Test" time="120.0" status="ERROR">
      <properties>
        <property name="tags" value="guard, smoke, staff, role-test"/>
      </properties>
      <failure>io.grpc.StatusRuntimeException: DEADLINE_EXCEEDED: deadline exceeded after 119.979568792s. [closed=[], open=[[buffered_nanos=119982992916, waiting_for_connection]]]
	at io.grpc.stub.ClientCalls.toStatusRuntimeException(ClientCalls.java:275)
	at io.grpc.stub.ClientCalls.getUnchecked(ClientCalls.java:256)
	at io.grpc.stub.ClientCalls.blockingUnaryCall(ClientCalls.java:169)
	at maestro_android.MaestroDriverGrpc$MaestroDriverBlockingStub.deviceInfo(MaestroDriverGrpc.java:740)
	at maestro.drivers.AndroidDriver.deviceInfo$lambda$4(AndroidDriver.kt:212)
	at maestro.drivers.AndroidDriver.runDeviceCall(AndroidDriver.kt:1263)
	at maestro.drivers.AndroidDriver.deviceInfo(AndroidDriver.kt:211)
	at maestro.Maestro.cachedDeviceInfo_delegate$lambda$0(Maestro.kt:49)
	at kotlin.SynchronizedLazyImpl.getValue(LazyJVM.kt:86)
	at maestro.Maestro.getCachedDeviceInfo(Maestro.kt:47)
	at maestro.orchestra.Orchestra.initJsEngine(Orchestra.kt:301)
	at maestro.orchestra.Orchestra.runFlow(Orchestra.kt:160)
	at maestro.cli.runner.TestSuiteInteractor.runFlow(TestSuiteInteractor.kt:243)
	at maestro.cli.runner.TestSuiteInteractor.runTestSuite(TestSuiteInteractor.kt:98)
	at maestro.cli.command.TestCommand.runMultipleFlows(TestCommand.kt:619)
	at maestro.cli.command.TestCommand.access$runMultipleFlows(TestCommand.kt:80)
	at maestro.cli.command.TestCommand$runShardSuite$1$1.invokeSuspend(TestCommand.kt:502)
	at kotlin.coroutines.jvm.internal.BaseContinuationImpl.resumeWith(ContinuationImpl.kt:34)
	at kotlinx.coroutines.DispatchedTask.run(DispatchedTask.kt:104)
	at kotlinx.coroutines.EventLoopImplBase.processNextEvent(EventLoop.common.kt:277)
	at kotlinx.coroutines.BlockingCoroutine.joinBlocking(Builders.kt:95)
	at kotlinx.coroutines.BuildersKt__BuildersKt.runBlocking(Builders.kt:69)
	at kotlinx.coroutines.BuildersKt.runBlocking(Unknown Source)
	at kotlinx.coroutines.BuildersKt__BuildersKt.runBlocking$default(Builders.kt:48)
	at kotlinx.coroutines.BuildersKt.runBlocking$default(Unknown Source)
	at maestro.cli.command.TestCommand.runShardSuite$lambda$10(TestCommand.kt:501)
	at maestro.cli.session.MaestroSessionManager.newSession(MaestroSessionManager.kt:132)
	at maestro.cli.session.MaestroSessionManager.newSession$default(MaestroSessionManager.kt:66)
	at maestro.cli.command.TestCommand.runShardSuite(TestCommand.kt:476)
	at maestro.cli.command.TestCommand.access$runShardSuite(TestCommand.kt:80)
	at maestro.cli.command.TestCommand$handleSessions$1$results$1$1.invokeSuspend(TestCommand.kt:435)
	at kotlin.coroutines.jvm.internal.BaseContinuationImpl.resumeWith(ContinuationImpl.kt:34)
	at kotlinx.coroutines.DispatchedTask.run(DispatchedTask.kt:104)
	at kotlinx.coroutines.internal.LimitedDispatcher$Worker.run(LimitedDispatcher.kt:111)
	at kotlinx.coroutines.scheduling.TaskImpl.run(Tasks.kt:99)
	at kotlinx.coroutines.scheduling.CoroutineScheduler.runSafely(CoroutineScheduler.kt:585)
	at kotlinx.coroutines.scheduling.CoroutineScheduler$Worker.executeTask(CoroutineScheduler.kt:802)
	at kotlinx.coroutines.scheduling.CoroutineScheduler$Worker.runWorker(CoroutineScheduler.kt:706)
	at kotlinx.coroutines.scheduling.CoroutineScheduler$Worker.run(CoroutineScheduler.kt:693)
</failure>
    </testcase>
  </testsuite>
</testsuites>
